"../../../../../../Users/susuk/Projects/ColorJam62/ProjectColors/Content/ShaderMaterials/ShaderTextures/StarTexture.uasset" 0
"../../../../../../Users/susuk/Projects/ColorJam62/ProjectColors/Content/Sounds/DemonSpawn.uasset" 1
"../../../Engine/Content/Animation/DefaultAnimCurveCompressionSettings.uasset" 2
"../../../Engine/Content/Functions/Engine_MaterialFunctions01/Opacity/CameraDepthFade.uasset" 3
"../../../Engine/Content/EngineMaterials/T_Default_Material_Grid_M.uasset" 4
"../../../Engine/Content/EngineMaterials/T_Default_Material_Grid_N.uasset" 5
"../../../Engine/Content/EngineMaterials/WorldGridMaterial.uasset" 6
"../../../Engine/Content/ArtTools/RenderToTexture/Meshes/S_1_Unit_Plane.uasset" 7
"../../../Engine/Content/EngineMaterials/DefaultMaterial.uasset" 8
"../../../Engine/Content/BasicShapes/Cone.uasset" 9
"../../../Engine/Content/BasicShapes/Cube.uasset" 10
"../../../Engine/Content/BasicShapes/Cylinder.uasset" 11
"../../../Engine/Content/BasicShapes/Plane.uasset" 12
"../../../Engine/Content/BasicShapes/Sphere.uasset" 13
"../../../Engine/Content/EditorLandscapeResources/DataLayer.uasset" 14
"../../../Engine/Content/EditorMaterials/MAT_Groups_Toggle.uasset" 15
"../../../Engine/Content/EditorMaterials/MAT_Groups_Visibility.uasset" 16
"../../../Engine/Content/EditorMaterials/PreviewShadowIndicator.uasset" 17
"../../../Engine/Content/EditorMaterials/PreviewShadowIndicatorMaterial.uasset" 18
"../../../Engine/Content/EditorMaterials/MatineeGroups/MAT_ColorTrack.uasset" 19
"../../../Engine/Content/EditorMaterials/MatineeGroups/MAT_Groups_Anim.uasset" 20
"../../../Engine/Content/EditorMaterials/MatineeGroups/MAT_Groups_AudioMaster.uasset" 21
"../../../Engine/Content/EditorMaterials/MatineeGroups/MAT_Groups_Director.uasset" 22
"../../../Engine/Content/EditorMaterials/MatineeGroups/MAT_Groups_Event.uasset" 23
"../../../Engine/Content/EditorMaterials/MatineeGroups/MAT_Groups_Fade.uasset" 24
"../../../Engine/Content/EditorMaterials/MatineeGroups/MAT_Groups_Float.uasset" 25
"../../../Engine/Content/EditorMaterials/MatineeGroups/MAT_Groups_Move.uasset" 26
"../../../Engine/Content/EditorMaterials/MatineeGroups/MAT_Groups_Slomo.uasset" 27
"../../../Engine/Content/EditorMaterials/MatineeGroups/MAT_Groups_Sound.uasset" 28
"../../../Engine/Content/EditorMaterials/MatineeGroups/MAT_Groups_Vector.uasset" 29
"../../../Engine/Content/EditorMaterials/ParticleSystems/PSysThumbnail_NoImage.uasset" 30
"../../../Engine/Content/EditorMaterials/ParticleSystems/PSysThumbnail_OOD.uasset" 31
"../../../Engine/Content/EditorMaterials/Camera/CineMat.uasset" 32
"../../../Engine/Content/EditorMaterials/Camera/MI_CineMat_Rig.uasset" 33
"../../../Engine/Content/EditorMeshes/Camera/SM_CraneRig_Arm.uasset" 34
"../../../Engine/Content/EditorMeshes/Camera/SM_CraneRig_Base.uasset" 35
"../../../Engine/Content/EditorMeshes/Camera/SM_CraneRig_Body.uasset" 36
"../../../Engine/Content/EditorMeshes/Camera/SM_CraneRig_Mount.uasset" 37
"../../../Engine/Content/EditorMeshes/Camera/SM_RailRig_Mount.uasset" 38
"../../../Engine/Content/EditorMeshes/Camera/SM_RailRig_Track.uasset" 39
"../../../Engine/Content/EditorResources/BSPVertex.uasset" 40
"../../../Engine/Content/EditorResources/EmptyActor.uasset" 41
"../../../Engine/Content/EditorResources/S_Actor.uasset" 42
"../../../Engine/Content/EditorResources/S_Note.uasset" 43
"../../../Engine/Content/EditorResources/S_Solver.uasset" 44
"../../../Engine/Content/EditorResources/S_Trigger.uasset" 45
"../../../Engine/Content/EditorResources/LightIcons/S_LightError.uasset" 46
"../../../Engine/Content/EditorResources/SequenceRecorder/Countdown.uasset" 47
"../../../Engine/Content/EditorResources/SequenceRecorder/RecordingIndicator.uasset" 48
"../../../Engine/Content/EditorSounds/Notifications/CompileFailed.uasset" 49
"../../../Engine/Content/EditorSounds/Notifications/CompileFailed_Cue.uasset" 50
"../../../Engine/Content/EditorSounds/Notifications/CompileSuccess.uasset" 51
"../../../Engine/Content/EditorSounds/Notifications/CompileStart_Cue.uasset" 52
"../../../Engine/Content/EditorSounds/Notifications/CompileSuccess_Cue.uasset" 53
"../../../Engine/Content/EngineDamageTypes/DmgTypeBP_Environmental.uasset" 54
"../../../Engine/Content/EngineDebugMaterials/DebugEditorMaterial.uasset" 55
"../../../Engine/Content/EngineDebugMaterials/DebugMeshMaterial.uasset" 56
"../../../Engine/Content/EngineDebugMaterials/M_SimpleTranslucent.uasset" 57
"../../../Engine/Content/Functions/Engine_MaterialFunctions02/Utility/CameraDirectionVector.uasset" 58
"../../../Engine/Content/EngineDebugMaterials/VolumeToRender.uasset" 59
"../../../Engine/Content/EngineDebugMaterials/M_VolumeRenderSphereTracePP.uasset" 60
"../../../Engine/Content/EngineDebugMaterials/WireframeMaterial.uasset" 61
"../../../Engine/Content/EngineFonts/Faces/DroidSansFallback.uasset" 62
"../../../Engine/Content/EngineFonts/Faces/RobotoBold.uasset" 63
"../../../Engine/Content/EngineFonts/Faces/RobotoBoldItalic.uasset" 64
"../../../Engine/Content/EngineFonts/Faces/RobotoItalic.uasset" 65
"../../../Engine/Content/EngineFonts/Faces/RobotoLight.uasset" 66
"../../../Engine/Content/EngineFonts/Faces/RobotoRegular.uasset" 67
"../../../Engine/Content/EngineFonts/Roboto.uasset" 68
"../../../Engine/Content/EngineMaterials/BaseFlattenDiffuseMap.uasset" 69
"../../../Engine/Content/EngineMaterials/BaseFlattenEmissiveMap.uasset" 70
"../../../Engine/Content/EngineMaterials/BaseFlattenGrayscaleMap.uasset" 71
"../../../Engine/Content/EngineMaterials/BaseFlattenNormalMap.uasset" 72
"../../../Engine/Content/EngineMaterials/BaseFlattenMaterial.uasset" 73
"../../../Engine/Content/EngineMaterials/BlueNoise.uasset" 74
"../../../Engine/Content/EngineMaterials/DefaultBloomKernel.uasset" 75
"../../../Engine/Content/EngineMaterials/DefaultBokeh.uasset" 76
"../../../Engine/Content/EngineMaterials/DefaultDiffuse.uasset" 77
"../../../Engine/Content/EngineMaterials/DefaultDeferredDecalMaterial.uasset" 78
"../../../Engine/Content/EngineMaterials/DefaultLightFunctionMaterial.uasset" 79
"../../../Engine/Content/EngineMaterials/DefaultPhysicalMaterial.uasset" 80
"../../../Engine/Content/Functions/Engine_MaterialFunctions02/Utility/BreakOutFloat2Components.uasset" 81
"../../../Engine/Content/EngineMaterials/DefaultPostProcessMaterial.uasset" 82
"../../../Engine/Content/EngineFonts/RobotoDistanceField.uasset" 83
"../../../Engine/Content/EngineMaterials/DefaultTextMaterialOpaque.uasset" 84
"../../../Engine/Content/EngineMaterials/DefaultVirtualTextureMaterial.uasset" 85
"../../../Engine/Content/EngineMaterials/DefaultWhiteGrid.uasset" 86
"../../../Engine/Content/EngineMaterials/DefaultWhiteGrid_Low.uasset" 87
"../../../Engine/Content/EngineMaterials/EmissiveMeshMaterial.uasset" 88
"../../../Engine/Content/EngineMaterials/GizmoMaterial.uasset" 89
"../../../Engine/Content/EngineMaterials/Good64x64TilingNoiseHighFreq.uasset" 90
"../../../Engine/Content/EngineMaterials/HairDefaultMaterial.uasset" 91
"../../../Engine/Content/EngineMaterials/MiniFont.uasset" 92
"../../../Engine/Content/EngineMaterials/InvalidLightmapSettings.uasset" 93
"../../../Engine/Content/EngineMaterials/M_InvalidLightmapSettings.uasset" 94
"../../../Engine/Content/Functions/Engine_MaterialFunctions02/WorldPositionOffset/CameraOffset.uasset" 95
"../../../Engine/Content/EngineMaterials/PhAT_JointLimitMaterial.uasset" 96
"../../../Engine/Content/EngineMaterials/PreintegratedSkinBRDF.uasset" 97
"../../../Engine/Content/EngineMaterials/RemoveSurfaceMaterial.uasset" 98
"../../../Engine/Content/EngineMaterials/WeightMapPlaceholderTexture.uasset" 99
"../../../Engine/Content/EngineResources/WhiteSquareTexture.uasset" 100
"../../../Engine/Content/EngineMaterials/Widget3DPassThrough.uasset" 101
"../../../Engine/Content/EngineMaterials/Widget3DPassThrough_Masked.uasset" 102
"../../../Engine/Content/EngineMaterials/Widget3DPassThrough_Opaque.uasset" 103
"../../../Engine/Content/EngineMaterials/Widget3DPassThrough_Masked_OneSided.uasset" 104
"../../../Engine/Content/EngineMaterials/Widget3DPassThrough_Opaque_OneSided.uasset" 105
"../../../Engine/Content/EngineMaterials/Widget3DPassThrough_Translucent.uasset" 106
"../../../Engine/Content/EngineMaterials/Widget3DPassThrough_Translucent_OneSided.uasset" 107
"../../../Engine/Content/EngineMeshes/Cylinder.uasset" 108
"../../../Engine/Content/EngineMeshes/Sphere.uasset" 109
"../../../Engine/Content/EngineResources/Black.uasset" 110
"../../../Engine/Content/EngineResources/DefaultTexture.uasset" 111
"../../../Engine/Content/EngineResources/DefaultTextureCube.uasset" 112
"../../../Engine/Content/EngineResources/DefaultVolumeTexture2D.uasset" 113
"../../../Engine/Content/EngineResources/DefaultVolumeTexture.uasset" 114
"../../../Engine/Content/EngineResources/GradientTexture0.uasset" 115
"../../../Engine/Content/EngineSounds/Master.uasset" 116
"../../../Engine/Content/Functions/Engine_MaterialFunctions01/Shading/ConvertFromDiffSpec.uasset" 117
"../../../Engine/Content/Functions/Engine_MaterialFunctions01/Shading/PowerToRoughness.uasset" 118
"../../../Engine/Content/Maps/Templates/Thumbnails/Default.uasset" 119
"../../../Engine/Content/Maps/Templates/Thumbnails/TimeOfDay.uasset" 120
"../../../Engine/Content/Maps/Templates/Thumbnails/VR-Basic.uasset" 121
"../../../Engine/Content/MobileResources/T_MobileControls_texture.uasset" 122
"../../../Engine/Content/MobileResources/T_MobileMenu2.uasset" 123
"../../../Engine/Content/MobileResources/HUD/AnalogHat.uasset" 124
"../../../Engine/Content/MobileResources/HUD/VirtualJoystick_Background.uasset" 125
"../../../Engine/Content/MobileResources/HUD/VirtualJoystick_Thumb.uasset" 126
"../../../Engine/Content/MobileResources/HUD/DefaultVirtualJoysticks.uasset" 127
"../../../Engine/Content/MobileResources/HUD/LeftVirtualJoystickOnly.uasset" 128
"../../../Engine/Content/MobileResources/HUD/MobileHUDButton1_off.uasset" 129
"../../../Engine/Content/MobileResources/HUD/MobileHUDButton1_on.uasset" 130
"../../../Engine/Content/MobileResources/HUD/MobileHUDButton2_off.uasset" 131
"../../../Engine/Content/MobileResources/HUD/MobileHUDButton2_on.uasset" 132
"../../../Engine/Content/MobileResources/HUD/MobileHUDButton3.uasset" 133
"../../../Engine/Content/MobileResources/HUD/MobileHUDButtonFire.uasset" 134
"../../../Engine/Content/MobileResources/HUD/MobileHUDDirectionPad.uasset" 135
"../../../Engine/Content/MobileResources/HUD/MobileHUDDirectionPad2.uasset" 136
"../../../Engine/Content/MobileResources/HUD/MobileHUDDirectionPad3.uasset" 137
"../../../Engine/Content/MobileResources/HUD/MobileHUDDirectionStick.uasset" 138
"../../../Engine/Content/MobileResources/HUD/T_Castle_ThumbstickInner.uasset" 139
"../../../Engine/Content/MobileResources/HUD/T_Castle_ThumbstickOutter.uasset" 140
"../../../Engine/Content/Tutorial/ContentIntroCurve.uasset" 141
"../../../Engine/Content/Tutorial/Basics/LevelEditorAttract.uasset" 142
"../../../Engine/Content/Tutorial/Installation/InstallingVisualStudioTutorial.uasset" 143
"../../../Engine/Content/VREditor/LaserPointer/VR_LaserPower_01.uasset" 144
"../../../Engine/Content/VREditor/TransformGizmo/TransformGizmoMaterial.uasset" 145
"../../../Engine/Content/VREditor/TransformGizmo/TranslucentTransformGizmoMaterial.uasset" 146
"../../../Engine/Content/VREditor/TransformGizmo/BoundingBoxCorner.uasset" 147
"../../../Engine/Content/VREditor/TransformGizmo/BoundingBoxEdge.uasset" 148
"../../../Engine/Content/VREditor/TransformGizmo/PlaneTranslationHandle.uasset" 149
"../../../Engine/Content/VREditor/TransformGizmo/Main.uasset" 150
"../../../Engine/Content/VREditor/TransformGizmo/Xray.uasset" 151
"../../../Engine/Content/VREditor/TransformGizmo/SM_Sequencer_Key.uasset" 152
"../../../Engine/Content/VREditor/TransformGizmo/SM_Sequencer_Node.uasset" 153
"../../Plugins/2D/Paper2D/Content/PlaceholderTextures/DummySpriteTexture.uasset" 154
"../../Plugins/2D/Paper2D/Content/DummySprite.uasset" 155
"../../Plugins/2D/Paper2D/Content/DefaultPaperTerrainMaterial.uasset" 156
"../../Plugins/2D/Paper2D/Content/DummySpriteTexture.uasset" 157
"../../Plugins/2D/Paper2D/Content/DefaultSpriteMaterial.uasset" 158
"../../Plugins/2D/Paper2D/Content/MaskedUnlitSpriteMaterial.uasset" 159
"../../Plugins/2D/Paper2D/Content/OpaqueUnlitSpriteMaterial.uasset" 160
"../../../Engine/Content/Functions/Engine_MaterialFunctions02/Utility/BreakOutFloat4Components.uasset" 161
"../../../Engine/Content/Functions/Engine_MaterialFunctions02/Utility/MakeFloat2.uasset" 162
"../../../Engine/Content/Functions/Engine_MaterialFunctions02/Utility/MakeFloat3.uasset" 163
"../../Plugins/Runtime/Oculus/OculusVR/Content/Materials/OculusMR_ChromaKey.uasset" 164
"../../Plugins/Runtime/Oculus/OculusVR/Content/Materials/OculusMR_ChromaKey_Lit.uasset" 165
"../../Plugins/Runtime/Oculus/OculusVR/Content/Materials/OculusMR_OpaqueColoredMaterial.uasset" 166
"../../Plugins/Runtime/Oculus/OculusVR/Content/Materials/OculusMR_WhiteMaterial.uasset" 167
"../../../Engine/Content/EditorBlueprintResources/StandardMacros.uasset" 168
"../../../../../../Users/susuk/Projects/ColorJam62/ProjectColors/Content/ShaderMaterials/BaseMaterial.uasset" 169
"../../../Engine/Content/Functions/Engine_MaterialFunctions02/Texturing/CustomRotator.uasset" 170
"../../../../../../Users/susuk/Projects/ColorJam62/ProjectColors/Content/ShaderMaterials/ShaderTextures/hexmask.uasset" 171
"../../../../../../Users/susuk/Projects/ColorJam62/ProjectColors/Content/ShaderMaterials/ShaderTextures/ice2.uasset" 172
"../../../../../../Users/susuk/Projects/ColorJam62/ProjectColors/Content/ShaderMaterials/Cold.uasset" 173
"../../../../../../Users/susuk/Projects/ColorJam62/ProjectColors/Content/ShaderMaterials/hidden.uasset" 174
"../../../../../../Users/susuk/Projects/ColorJam62/ProjectColors/Content/ShaderMaterials/ShaderTextures/fire2.uasset" 175
"../../../../../../Users/susuk/Projects/ColorJam62/ProjectColors/Content/ShaderMaterials/Hot.uasset" 176
"../../../../../../Users/susuk/Projects/ColorJam62/ProjectColors/Content/ShaderMaterials/ShaderTextures/ice1.uasset" 177
"../../../../../../Users/susuk/Projects/ColorJam62/ProjectColors/Content/ShaderMaterials/SlightlyCold.uasset" 178
"../../../../../../Users/susuk/Projects/ColorJam62/ProjectColors/Content/ShaderMaterials/ShaderTextures/fire1.uasset" 179
"../../../../../../Users/susuk/Projects/ColorJam62/ProjectColors/Content/ShaderMaterials/SlightlyHot.uasset" 180
"../../../../../../Users/susuk/Projects/ColorJam62/ProjectColors/Content/ShaderMaterials/ShaderTextures/ice3.uasset" 181
"../../../../../../Users/susuk/Projects/ColorJam62/ProjectColors/Content/ShaderMaterials/VeryCold.uasset" 182
"../../../../../../Users/susuk/Projects/ColorJam62/ProjectColors/Content/ShaderMaterials/ShaderTextures/fire3.uasset" 183
"../../../../../../Users/susuk/Projects/ColorJam62/ProjectColors/Content/ShaderMaterials/VeryHot.uasset" 184
"../../../../../../Users/susuk/Projects/ColorJam62/ProjectColors/Content/ShaderMaterials/ShaderTextures/star.uasset" 185
"../../../../../../Users/susuk/Projects/ColorJam62/ProjectColors/Content/ShaderMaterials/volcano.uasset" 186
"../../../../../../Users/susuk/Projects/ColorJam62/ProjectColors/Content/Geometry/Meshes/hexagon.uasset" 187
"../../../../../../Users/susuk/Projects/ColorJam62/ProjectColors/Content/UI/Art/GameOver.uasset" 188
"../../../../../../Users/susuk/Projects/ColorJam62/ProjectColors/Content/UI/Art/hexagon_purewhite.uasset" 189
"../../../../../../Users/susuk/Projects/ColorJam62/ProjectColors/Content/UI/Art/hexagon_quit_normal.uasset" 190
"../../../../../../Users/susuk/Projects/ColorJam62/ProjectColors/Content/UI/Art/hexagon_quit_pressed.uasset" 191
"../../../../../../Users/susuk/Projects/ColorJam62/ProjectColors/Content/UI/Art/hexagon_restart_normal.uasset" 192
"../../../../../../Users/susuk/Projects/ColorJam62/ProjectColors/Content/UI/Art/hexagon_restart_pressed.uasset" 193
"../../../../../../Users/susuk/Projects/ColorJam62/ProjectColors/Content/UI/Widgets/GameOver.uasset" 194
"../../../../../../Users/susuk/Projects/ColorJam62/ProjectColors/Content/UI/Widgets/GameOver-Lose.uasset" 195
"../../../../../../Users/susuk/Projects/ColorJam62/ProjectColors/Content/PuzzleBP/Blueprints/PuzzleBlock.uasset" 196
"../../../../../../Users/susuk/Projects/ColorJam62/ProjectColors/Content/Sounds/lava.uasset" 197
"../../../../../../Users/susuk/Projects/ColorJam62/ProjectColors/Content/Sounds/Minecraft_lava.uasset" 198
"../../../../../../Users/susuk/Projects/ColorJam62/ProjectColors/Content/Sounds/Mountain_Breeze.uasset" 199
"../../../../../../Users/susuk/Projects/ColorJam62/ProjectColors/Content/UI/Widgets/GameOver-TimeLoss.uasset" 200
"../../../../../../Users/susuk/Projects/ColorJam62/ProjectColors/Content/PuzzleBP/Blueprints/PuzzleBlockGrid.uasset" 201
"../../../../../../Users/susuk/Projects/ColorJam62/ProjectColors/Content/PuzzleBP/Blueprints/PuzzlePlayerCharacter.uasset" 202
"../../../../../../Users/susuk/Projects/ColorJam62/ProjectColors/Content/PuzzleBP/Blueprints/PuzzlePlayerController.uasset" 203
"../../../../../../Users/susuk/Projects/ColorJam62/ProjectColors/Content/PuzzleBP/Blueprints/PuzzleGameMode.uasset" 204
"../../../Engine/Content/Functions/Engine_MaterialFunctions01/Texturing/ComputeMipLevel.uasset" 205
"../../../Engine/Content/Functions/Engine_MaterialFunctions01/Texturing/TextureCropping.uasset" 206
"../../../Engine/Content/Functions/Engine_MaterialFunctions02/ExampleContent/DebugNumberStrip.uasset" 207
"../../../Engine/Content/Functions/Engine_MaterialFunctions02/ExampleContent/Textures/DebugNumberPeriod.uasset" 208
"../../../Engine/Content/Functions/Engine_MaterialFunctions02/Utility/DebugScalarValues.uasset" 209
"../../../Engine/Content/Functions/Engine_MaterialFunctions02/Utility/DebugFloat2Values.uasset" 210
"../../../Engine/Content/Functions/Engine_MaterialFunctions02/ExampleContent/Textures/flipbook.uasset" 211
"../../../Engine/Content/Functions/Engine_MaterialFunctions02/Texturing/FlipBook.uasset" 212
"../../../../../../Users/susuk/Projects/ColorJam62/ProjectColors/Content/UI/Timer/TimeMaterialSetter.uasset" 213
"../../../../../../Users/susuk/Projects/ColorJam62/ProjectColors/Content/UI/Timer/TimerAnimation.uasset" 214
"../../../../../../Users/susuk/Projects/ColorJam62/ProjectColors/Content/UI/Timer/TimerMaterial.uasset" 215
"../../../../../../Users/susuk/Projects/ColorJam62/ProjectColors/Content/UI/Art/guess.uasset" 216
"../../../../../../Users/susuk/Projects/ColorJam62/ProjectColors/Content/UI/Art/Guesses.uasset" 217
"../../../../../../Users/susuk/Projects/ColorJam62/ProjectColors/Content/UI/Art/Time.uasset" 218
"../../../../../../Users/susuk/Projects/ColorJam62/ProjectColors/Content/UI/Widgets/NumberOfGuesses.uasset" 219
"../../../../../../Users/susuk/Projects/ColorJam62/ProjectColors/Content/PuzzleBP/Maps/MainGame.umap" 220
"../../../../../../Users/susuk/Projects/ColorJam62/ProjectColors/Content/UI/Art/Title.uasset" 221
"../../../../../../Users/susuk/Projects/ColorJam62/ProjectColors/Content/UI/Art/WhiteSquare.uasset" 222
"../../../../../../Users/susuk/Projects/ColorJam62/ProjectColors/Content/UI/Widgets/MainMenu.uasset" 223
"../../../../../../Users/susuk/Projects/ColorJam62/ProjectColors/Content/PuzzleBP/Maps/MainMenu.umap" 224
"../../../Engine/Content/Maps/Entry_BuiltData.uasset" 225
"../../../Engine/Content/Maps/Entry.umap" 226
